Flow report for Exo2_ESN
Sun Jan 21 23:49:21 2024
Quartus Prime Version 18.1.0 Build 625 09/12/2018 SJ Lite Edition


---------------------
; Table of Contents ;
---------------------
  1. Legal Notice
  2. Flow Summary
  3. Flow Settings
  4. Flow Non-Default Global Settings
  5. Flow Elapsed Time
  6. Flow OS Summary
  7. Flow Log
  8. Flow Messages
  9. Flow Suppressed Messages



----------------
; Legal Notice ;
----------------
Copyright (C) 2018  Intel Corporation. All rights reserved.
Your use of Intel Corporation's design tools, logic functions 
and other software and tools, and its AMPP partner logic 
functions, and any output files from any of the foregoing 
(including device programming or simulation files), and any 
associated documentation or information are expressly subject 
to the terms and conditions of the Intel Program License 
Subscription Agreement, the Intel Quartus Prime License Agreement,
the Intel FPGA IP License Agreement, or other applicable license
agreement, including, without limitation, that your use is for
the sole purpose of programming logic devices manufactured by
Intel and sold by Intel or its authorized distributors.  Please
refer to the applicable agreement for further details.



+----------------------------------------------------------------------------------+
; Flow Summary                                                                     ;
+------------------------------------+---------------------------------------------+
; Flow Status                        ; Successful - Sun Jan 21 23:49:21 2024       ;
; Quartus Prime Version              ; 18.1.0 Build 625 09/12/2018 SJ Lite Edition ;
; Revision Name                      ; Exo2_ESN                                    ;
; Top-level Entity Name              ; lab2_top                                    ;
; Family                             ; MAX 10                                      ;
; Device                             ; 10M50DAF484C7G                              ;
; Timing Models                      ; Final                                       ;
; Total logic elements               ; 1,900 / 49,760 ( 4 % )                      ;
;     Total combinational functions  ; 1,771 / 49,760 ( 4 % )                      ;
;     Dedicated logic registers      ; 1,055 / 49,760 ( 2 % )                      ;
; Total registers                    ; 1055                                        ;
; Total pins                         ; 23 / 360 ( 6 % )                            ;
; Total virtual pins                 ; 0                                           ;
; Total memory bits                  ; 331,264 / 1,677,312 ( 20 % )                ;
; Embedded Multiplier 9-bit elements ; 0 / 288 ( 0 % )                             ;
; Total PLLs                         ; 0 / 4 ( 0 % )                               ;
; UFM blocks                         ; 0 / 1 ( 0 % )                               ;
; ADC blocks                         ; 0 / 2 ( 0 % )                               ;
+------------------------------------+---------------------------------------------+


+-----------------------------------------+
; Flow Settings                           ;
+-------------------+---------------------+
; Option            ; Setting             ;
+-------------------+---------------------+
; Start date & time ; 01/21/2024 23:42:19 ;
; Main task         ; Compilation         ;
; Revision Name     ; Exo2_ESN            ;
+-------------------+---------------------+


+-------------------------------------------------------------------------------------------------------------------------+
; Flow Non-Default Global Settings                                                                                        ;
+-------------------------------------+----------------------------------------+---------------+-------------+------------+
; Assignment Name                     ; Value                                  ; Default Value ; Entity Name ; Section Id ;
+-------------------------------------+----------------------------------------+---------------+-------------+------------+
; COMPILER_SIGNATURE_ID               ; 10995770589201.170587693803700         ; --            ; --          ; --         ;
; MAX_CORE_JUNCTION_TEMP              ; 85                                     ; --            ; --          ; --         ;
; MIN_CORE_JUNCTION_TEMP              ; 0                                      ; --            ; --          ; --         ;
; OUTPUT_IO_TIMING_FAR_END_VMEAS      ; Half Signal Swing                      ; --            ; --          ; --         ;
; OUTPUT_IO_TIMING_FAR_END_VMEAS      ; Half Signal Swing                      ; --            ; --          ; --         ;
; OUTPUT_IO_TIMING_NEAR_END_VMEAS     ; Half Vccio                             ; --            ; --          ; --         ;
; OUTPUT_IO_TIMING_NEAR_END_VMEAS     ; Half Vccio                             ; --            ; --          ; --         ;
; PARTITION_COLOR                     ; -- (Not supported for targeted family) ; --            ; lab2_top    ; Top        ;
; PARTITION_FITTER_PRESERVATION_LEVEL ; -- (Not supported for targeted family) ; --            ; lab2_top    ; Top        ;
; PARTITION_NETLIST_TYPE              ; -- (Not supported for targeted family) ; --            ; lab2_top    ; Top        ;
; POWER_BOARD_THERMAL_MODEL           ; None (CONSERVATIVE)                    ; --            ; --          ; --         ;
; POWER_PRESET_COOLING_SOLUTION       ; 23 MM HEAT SINK WITH 200 LFPM AIRFLOW  ; --            ; --          ; --         ;
; PROJECT_OUTPUT_DIRECTORY            ; output_files                           ; --            ; --          ; --         ;
; TOP_LEVEL_ENTITY                    ; lab2_top                               ; Exo2_ESN      ; --          ; --         ;
+-------------------------------------+----------------------------------------+---------------+-------------+------------+


+--------------------------------------------------------------------------------------------------------------------------+
; Flow Elapsed Time                                                                                                        ;
+----------------------+--------------+-------------------------+---------------------+------------------------------------+
; Module Name          ; Elapsed Time ; Average Processors Used ; Peak Virtual Memory ; Total CPU Time (on all processors) ;
+----------------------+--------------+-------------------------+---------------------+------------------------------------+
; Analysis & Synthesis ; 00:01:15     ; 1.0                     ; 4899 MB             ; 00:01:01                           ;
; Fitter               ; 00:00:15     ; 1.3                     ; 5674 MB             ; 00:00:15                           ;
; Assembler            ; 00:00:05     ; 1.0                     ; 4698 MB             ; 00:00:03                           ;
; Timing Analyzer      ; 00:00:05     ; 1.8                     ; 4849 MB             ; 00:00:04                           ;
; MIF/HEX Update       ; 00:00:01     ; 1.0                     ; 4736 MB             ; 00:00:01                           ;
; Assembler            ; 00:00:05     ; 1.0                     ; 4698 MB             ; 00:00:03                           ;
; Assembler            ; 00:00:05     ; 1.0                     ; 4696 MB             ; 00:00:03                           ;
; Total                ; 00:01:51     ; --                      ; --                  ; 00:01:30                           ;
+----------------------+--------------+-------------------------+---------------------+------------------------------------+


+------------------------------------------------------------------------------------+
; Flow OS Summary                                                                    ;
+----------------------+------------------+------------+------------+----------------+
; Module Name          ; Machine Hostname ; OS Name    ; OS Version ; Processor type ;
+----------------------+------------------+------------+------------+----------------+
; Analysis & Synthesis ; LAPTOP-CRRR6CGA  ; Windows 10 ; 10.0       ; x86_64         ;
; Fitter               ; LAPTOP-CRRR6CGA  ; Windows 10 ; 10.0       ; x86_64         ;
; Assembler            ; LAPTOP-CRRR6CGA  ; Windows 10 ; 10.0       ; x86_64         ;
; Timing Analyzer      ; LAPTOP-CRRR6CGA  ; Windows 10 ; 10.0       ; x86_64         ;
; MIF/HEX Update       ; LAPTOP-CRRR6CGA  ; Windows 10 ; 10.0       ; x86_64         ;
; Assembler            ; LAPTOP-CRRR6CGA  ; Windows 10 ; 10.0       ; x86_64         ;
; Assembler            ; LAPTOP-CRRR6CGA  ; Windows 10 ; 10.0       ; x86_64         ;
+----------------------+------------------+------------+------------+----------------+


------------
; Flow Log ;
------------
quartus_map --read_settings_files=on --write_settings_files=off Exo2_ESN -c Exo2_ESN
quartus_fit --read_settings_files=off --write_settings_files=off Exo2_ESN -c Exo2_ESN
quartus_asm --read_settings_files=off --write_settings_files=off Exo2_ESN -c Exo2_ESN
quartus_sta Exo2_ESN -c Exo2_ESN
quartus_cdb Exo2_ESN -c Exo2_ESN --update_mif
quartus_asm --read_settings_files=on --write_settings_files=off Exo2_ESN -c Exo2_ESN
quartus_asm --read_settings_files=on --write_settings_files=off Exo2_ESN -c Exo2_ESN



