Info: Starting: Create HDL design files for synthesis
Info: qsys-generate C:\intelFPGA_lite\18.1\Exo2_ESN\Exo2_ESN_sys.qsys --synthesis=VHDL --output-directory=C:\intelFPGA_lite\18.1\Exo2_ESN\Exo2_ESN_sys\synthesis --family="MAX 10" --part=10M50DAF484C7G
Progress: Loading Exo2_ESN/Exo2_ESN_sys.qsys
Progress: Reading input file
Progress: Adding clk_0 [clock_source 18.1]
Progress: Parameterizing module clk_0
Progress: Adding jtag_uart_0 [altera_avalon_jtag_uart 18.1]
Progress: Parameterizing module jtag_uart_0
Progress: Adding nios2_gen2_0 [altera_nios2_gen2 18.1]
Progress: Parameterizing module nios2_gen2_0
Progress: Adding onchip_memory2_0 [altera_avalon_onchip_memory2 18.1]
Progress: Parameterizing module onchip_memory2_0
Progress: Adding pio_0 [altera_avalon_pio 18.1]
Progress: Parameterizing module pio_0
Progress: Adding pio_1 [altera_avalon_pio 18.1]
Progress: Parameterizing module pio_1
Progress: Adding pio_2 [altera_avalon_pio 18.1]
Progress: Parameterizing module pio_2
Progress: Adding timer_0 [altera_avalon_timer 18.1]
Progress: Parameterizing module timer_0
Progress: Building connections
Progress: Parameterizing connections
Progress: Validating
Progress: Done reading input file
Info: Exo2_ESN_sys.jtag_uart_0: JTAG UART IP input clock need to be at least double (2x) the operating frequency of JTAG TCK on board
Info: Exo2_ESN_sys: Generating Exo2_ESN_sys "Exo2_ESN_sys" for QUARTUS_SYNTH
Info: jtag_uart_0: Starting RTL generation for module 'Exo2_ESN_sys_jtag_uart_0'
Info: jtag_uart_0:   Generation command is [exec C:/intelfpga_lite/18.1/quartus/bin64/perl/bin/perl.exe -I C:/intelfpga_lite/18.1/quartus/bin64/perl/lib -I C:/intelfpga_lite/18.1/quartus/sopc_builder/bin/europa -I C:/intelfpga_lite/18.1/quartus/sopc_builder/bin/perl_lib -I C:/intelfpga_lite/18.1/quartus/sopc_builder/bin -I C:/intelfpga_lite/18.1/quartus/../ip/altera/sopc_builder_ip/common -I C:/intelfpga_lite/18.1/quartus/../ip/altera/sopc_builder_ip/altera_avalon_jtag_uart -- C:/intelfpga_lite/18.1/quartus/../ip/altera/sopc_builder_ip/altera_avalon_jtag_uart/generate_rtl.pl --name=Exo2_ESN_sys_jtag_uart_0 --dir=C:/Users/louis/AppData/Local/Temp/alt9737_5669162132994068568.dir/0050_jtag_uart_0_gen/ --quartus_dir=C:/intelfpga_lite/18.1/quartus --verilog --config=C:/Users/louis/AppData/Local/Temp/alt9737_5669162132994068568.dir/0050_jtag_uart_0_gen//Exo2_ESN_sys_jtag_uart_0_component_configuration.pl  --do_build_sim=0  ]
Info: jtag_uart_0: Done RTL generation for module 'Exo2_ESN_sys_jtag_uart_0'
Info: jtag_uart_0: "Exo2_ESN_sys" instantiated altera_avalon_jtag_uart "jtag_uart_0"
Info: nios2_gen2_0: "Exo2_ESN_sys" instantiated altera_nios2_gen2 "nios2_gen2_0"
Info: onchip_memory2_0: Starting RTL generation for module 'Exo2_ESN_sys_onchip_memory2_0'
Info: onchip_memory2_0:   Generation command is [exec C:/intelfpga_lite/18.1/quartus/bin64/perl/bin/perl.exe -I C:/intelfpga_lite/18.1/quartus/bin64/perl/lib -I C:/intelfpga_lite/18.1/quartus/sopc_builder/bin/europa -I C:/intelfpga_lite/18.1/quartus/sopc_builder/bin/perl_lib -I C:/intelfpga_lite/18.1/quartus/sopc_builder/bin -I C:/intelfpga_lite/18.1/quartus/../ip/altera/sopc_builder_ip/common -I C:/intelfpga_lite/18.1/quartus/../ip/altera/sopc_builder_ip/altera_avalon_onchip_memory2 -- C:/intelfpga_lite/18.1/quartus/../ip/altera/sopc_builder_ip/altera_avalon_onchip_memory2/generate_rtl.pl --name=Exo2_ESN_sys_onchip_memory2_0 --dir=C:/Users/louis/AppData/Local/Temp/alt9737_5669162132994068568.dir/0051_onchip_memory2_0_gen/ --quartus_dir=C:/intelfpga_lite/18.1/quartus --verilog --config=C:/Users/louis/AppData/Local/Temp/alt9737_5669162132994068568.dir/0051_onchip_memory2_0_gen//Exo2_ESN_sys_onchip_memory2_0_component_configuration.pl  --do_build_sim=0  ]
Info: onchip_memory2_0: Done RTL generation for module 'Exo2_ESN_sys_onchip_memory2_0'
Info: onchip_memory2_0: "Exo2_ESN_sys" instantiated altera_avalon_onchip_memory2 "onchip_memory2_0"
Info: pio_0: Starting RTL generation for module 'Exo2_ESN_sys_pio_0'
Info: pio_0:   Generation command is [exec C:/intelfpga_lite/18.1/quartus/bin64/perl/bin/perl.exe -I C:/intelfpga_lite/18.1/quartus/bin64/perl/lib -I C:/intelfpga_lite/18.1/quartus/sopc_builder/bin/europa -I C:/intelfpga_lite/18.1/quartus/sopc_builder/bin/perl_lib -I C:/intelfpga_lite/18.1/quartus/sopc_builder/bin -I C:/intelfpga_lite/18.1/quartus/../ip/altera/sopc_builder_ip/common -I C:/intelfpga_lite/18.1/quartus/../ip/altera/sopc_builder_ip/altera_avalon_pio -- C:/intelfpga_lite/18.1/quartus/../ip/altera/sopc_builder_ip/altera_avalon_pio/generate_rtl.pl --name=Exo2_ESN_sys_pio_0 --dir=C:/Users/louis/AppData/Local/Temp/alt9737_5669162132994068568.dir/0052_pio_0_gen/ --quartus_dir=C:/intelfpga_lite/18.1/quartus --verilog --config=C:/Users/louis/AppData/Local/Temp/alt9737_5669162132994068568.dir/0052_pio_0_gen//Exo2_ESN_sys_pio_0_component_configuration.pl  --do_build_sim=0  ]
Info: pio_0: Done RTL generation for module 'Exo2_ESN_sys_pio_0'
Info: pio_0: "Exo2_ESN_sys" instantiated altera_avalon_pio "pio_0"
Info: timer_0: Starting RTL generation for module 'Exo2_ESN_sys_timer_0'
Info: timer_0:   Generation command is [exec C:/intelFPGA_lite/18.1/quartus/bin64//perl/bin/perl.exe -I C:/intelFPGA_lite/18.1/quartus/bin64//perl/lib -I C:/intelfpga_lite/18.1/quartus/sopc_builder/bin/europa -I C:/intelfpga_lite/18.1/quartus/sopc_builder/bin/perl_lib -I C:/intelfpga_lite/18.1/quartus/sopc_builder/bin -I C:/intelfpga_lite/18.1/quartus/../ip/altera/sopc_builder_ip/common -I C:/intelfpga_lite/18.1/quartus/../ip/altera/sopc_builder_ip/altera_avalon_timer -- C:/intelfpga_lite/18.1/quartus/../ip/altera/sopc_builder_ip/altera_avalon_timer/generate_rtl.pl --name=Exo2_ESN_sys_timer_0 --dir=C:/Users/louis/AppData/Local/Temp/alt9737_5669162132994068568.dir/0053_timer_0_gen/ --quartus_dir=C:/intelfpga_lite/18.1/quartus --verilog --config=C:/Users/louis/AppData/Local/Temp/alt9737_5669162132994068568.dir/0053_timer_0_gen//Exo2_ESN_sys_timer_0_component_configuration.pl  --do_build_sim=0  ]
Info: timer_0: Done RTL generation for module 'Exo2_ESN_sys_timer_0'
Info: timer_0: "Exo2_ESN_sys" instantiated altera_avalon_timer "timer_0"
Info: avalon_st_adapter: Inserting error_adapter: error_adapter_0
Info: avalon_st_adapter_001: Inserting error_adapter: error_adapter_0
Info: avalon_st_adapter_002: Inserting error_adapter: error_adapter_0
Info: avalon_st_adapter_003: Inserting error_adapter: error_adapter_0
Info: avalon_st_adapter_004: Inserting error_adapter: error_adapter_0
Info: avalon_st_adapter_005: Inserting error_adapter: error_adapter_0
Info: avalon_st_adapter_006: Inserting error_adapter: error_adapter_0
Info: mm_interconnect_0: "Exo2_ESN_sys" instantiated altera_mm_interconnect "mm_interconnect_0"
Info: irq_mapper: "Exo2_ESN_sys" instantiated altera_irq_mapper "irq_mapper"
Info: rst_controller: "Exo2_ESN_sys" instantiated altera_reset_controller "rst_controller"
Info: cpu: Starting RTL generation for module 'Exo2_ESN_sys_nios2_gen2_0_cpu'
Info: cpu:   Generation command is [exec C:/intelFPGA_lite/18.1/quartus/bin64//eperlcmd.exe -I C:/intelFPGA_lite/18.1/quartus/bin64//perl/lib -I C:/intelfpga_lite/18.1/quartus/sopc_builder/bin/europa -I C:/intelfpga_lite/18.1/quartus/sopc_builder/bin/perl_lib -I C:/intelfpga_lite/18.1/quartus/sopc_builder/bin -I C:/intelfpga_lite/18.1/quartus/../ip/altera/nios2_ip/altera_nios2_gen2/cpu_lib -I C:/intelfpga_lite/18.1/quartus/../ip/altera/nios2_ip/altera_nios2_gen2/nios_lib -I C:/intelfpga_lite/18.1/quartus/../ip/altera/nios2_ip/altera_nios2_gen2 -I C:/intelfpga_lite/18.1/quartus/../ip/altera/nios2_ip/altera_nios2_gen2 -- C:/intelfpga_lite/18.1/quartus/../ip/altera/nios2_ip/altera_nios2_gen2/generate_rtl.epl --name=Exo2_ESN_sys_nios2_gen2_0_cpu --dir=C:/Users/louis/AppData/Local/Temp/alt9737_5669162132994068568.dir/0056_cpu_gen/ --quartus_bindir=C:/intelFPGA_lite/18.1/quartus/bin64/ --verilog --config=C:/Users/louis/AppData/Local/Temp/alt9737_5669162132994068568.dir/0056_cpu_gen//Exo2_ESN_sys_nios2_gen2_0_cpu_processor_configuration.pl  --do_build_sim=0  ]
Info: cpu: # 2024.01.15 16:46:51 (*) Starting Nios II generation
Info: cpu: # 2024.01.15 16:46:51 (*)   Checking for plaintext license.
Info: cpu: # 2024.01.15 16:46:52 (*)   Couldn't query license setup in Quartus directory C:/intelFPGA_lite/18.1/quartus/bin64/
Info: cpu: # 2024.01.15 16:46:52 (*)   Defaulting to contents of LM_LICENSE_FILE environment variable
Info: cpu: # 2024.01.15 16:46:52 (*)   LM_LICENSE_FILE environment variable is empty
Info: cpu: # 2024.01.15 16:46:52 (*)   Plaintext license not found.
Info: cpu: # 2024.01.15 16:46:52 (*)   No license required to generate encrypted Nios II/e.
Info: cpu: # 2024.01.15 16:46:52 (*)   Elaborating CPU configuration settings
Info: cpu: # 2024.01.15 16:46:52 (*)   Creating all objects for CPU
Info: cpu: # 2024.01.15 16:46:53 (*)   Generating RTL from CPU objects
Info: cpu: # 2024.01.15 16:46:53 (*)   Creating plain-text RTL
Info: cpu: # 2024.01.15 16:46:54 (*) Done Nios II generation
Info: cpu: Done RTL generation for module 'Exo2_ESN_sys_nios2_gen2_0_cpu'
Info: cpu: "nios2_gen2_0" instantiated altera_nios2_gen2_unit "cpu"
Info: nios2_gen2_0_data_master_translator: "mm_interconnect_0" instantiated altera_merlin_master_translator "nios2_gen2_0_data_master_translator"
Info: jtag_uart_0_avalon_jtag_slave_translator: "mm_interconnect_0" instantiated altera_merlin_slave_translator "jtag_uart_0_avalon_jtag_slave_translator"
Info: nios2_gen2_0_data_master_agent: "mm_interconnect_0" instantiated altera_merlin_master_agent "nios2_gen2_0_data_master_agent"
Info: jtag_uart_0_avalon_jtag_slave_agent: "mm_interconnect_0" instantiated altera_merlin_slave_agent "jtag_uart_0_avalon_jtag_slave_agent"
Info: jtag_uart_0_avalon_jtag_slave_agent_rsp_fifo: "mm_interconnect_0" instantiated altera_avalon_sc_fifo "jtag_uart_0_avalon_jtag_slave_agent_rsp_fifo"
Info: router: "mm_interconnect_0" instantiated altera_merlin_router "router"
Info: router_001: "mm_interconnect_0" instantiated altera_merlin_router "router_001"
Info: router_002: "mm_interconnect_0" instantiated altera_merlin_router "router_002"
Info: router_003: "mm_interconnect_0" instantiated altera_merlin_router "router_003"
Info: cmd_demux: "mm_interconnect_0" instantiated altera_merlin_demultiplexer "cmd_demux"
Info: cmd_demux_001: "mm_interconnect_0" instantiated altera_merlin_demultiplexer "cmd_demux_001"
Info: cmd_mux: "mm_interconnect_0" instantiated altera_merlin_multiplexer "cmd_mux"
Info: cmd_mux_001: "mm_interconnect_0" instantiated altera_merlin_multiplexer "cmd_mux_001"
Info: Reusing file C:/intelFPGA_lite/18.1/Exo2_ESN/Exo2_ESN_sys/synthesis/submodules/altera_merlin_arbitrator.sv
Info: rsp_demux: "mm_interconnect_0" instantiated altera_merlin_demultiplexer "rsp_demux"
Info: rsp_mux: "mm_interconnect_0" instantiated altera_merlin_multiplexer "rsp_mux"
Info: Reusing file C:/intelFPGA_lite/18.1/Exo2_ESN/Exo2_ESN_sys/synthesis/submodules/altera_merlin_arbitrator.sv
Info: rsp_mux_001: "mm_interconnect_0" instantiated altera_merlin_multiplexer "rsp_mux_001"
Info: Reusing file C:/intelFPGA_lite/18.1/Exo2_ESN/Exo2_ESN_sys/synthesis/submodules/altera_merlin_arbitrator.sv
Info: avalon_st_adapter: "mm_interconnect_0" instantiated altera_avalon_st_adapter "avalon_st_adapter"
Info: error_adapter_0: "avalon_st_adapter" instantiated error_adapter "error_adapter_0"
Info: Exo2_ESN_sys: Done "Exo2_ESN_sys" with 28 modules, 42 files
Info: qsys-generate succeeded.
Info: Finished: Create HDL design files for synthesis
